<?xml version="1.0" encoding="UTF-8"?>
<!-- Generated by org.testng.reporters.JUnitReportReporter -->
<testsuite hostname="USER" failures="0" tests="1" name="demo_testng.Demo" time="20.235" errors="0" timestamp="2 Feb 2021 11:43:59 GMT">
  <testcase classname="demo_testng.Demo" name="tc_1" time="20.235"/>
</testsuite> <!-- demo_testng.Demo -->
