<?xml version="1.0" encoding="UTF-8"?>
<!-- Generated by org.testng.reporters.JUnitReportReporter -->
<testsuite hostname="USER" failures="0" tests="6" name="demo_testng.Demo_04" time="0.029" errors="0" timestamp="3 Feb 2021 12:01:11 GMT">
  <testcase classname="demo_testng.Demo_04" name="tc1" time="0.014"/>
  <testcase classname="demo_testng.Demo_04" name="tc3" time="0.006"/>
  <testcase classname="demo_testng.Demo_04" name="tc2" time="0.002"/>
  <testcase classname="demo_testng.Demo_04" name="tc5" time="0.002"/>
  <testcase classname="demo_testng.Demo_04" name="tc6" time="0.003"/>
  <testcase classname="demo_testng.Demo_04" name="tc4" time="0.002"/>
</testsuite> <!-- demo_testng.Demo_04 -->
