<?xml version="1.0" encoding="UTF-8"?>
<!-- Generated by org.testng.reporters.JUnitReportReporter -->
<testsuite hostname="USER" failures="0" tests="2" name="demo_testng.Parallel_01" time="53.599" errors="0" timestamp="5 Feb 2021 10:48:25 GMT">
  <testcase classname="demo_testng.Parallel_01" name="tc1" time="25.638"/>
  <testcase classname="demo_testng.Parallel_01" name="tc2" time="27.961"/>
</testsuite> <!-- demo_testng.Parallel_01 -->
