<?xml version="1.0" encoding="UTF-8"?>
<!-- Generated by org.testng.reporters.JUnitReportReporter -->
<testsuite hostname="USER" failures="0" tests="4" name="demo_testng.DemoReadDatap" time="0.027" errors="0" timestamp="5 Feb 2021 10:13:25 GMT">
  <testcase classname="demo_testng.DemoReadDatap" name="tc" time="0.002"/>
  <testcase classname="demo_testng.DemoReadDatap" name="tc" time="0.002"/>
  <testcase classname="demo_testng.DemoReadDatap" name="tc" time="0.021"/>
  <testcase classname="demo_testng.DemoReadDatap" name="tc" time="0.002"/>
</testsuite> <!-- demo_testng.DemoReadDatap -->
