<?xml version="1.0" encoding="UTF-8"?>
<!-- Generated by org.testng.reporters.JUnitReportReporter -->
<testsuite hostname="USER" failures="0" tests="3" name="demo_testng.Demo_05" time="0.015" errors="0" timestamp="4 Feb 2021 10:38:04 GMT">
  <testcase classname="demo_testng.Demo_05" name="tc" time="0.003"/>
  <testcase classname="demo_testng.Demo_05" name="tc" time="0.001"/>
  <testcase classname="demo_testng.Demo_05" name="tc" time="0.011"/>
</testsuite> <!-- demo_testng.Demo_05 -->
