<?xml version="1.0" encoding="UTF-8"?>
<!-- Generated by org.testng.reporters.JUnitReportReporter -->
<testsuite hostname="USER" failures="0" tests="2" name="demo_testng.Demo_02" time="0.010" errors="0" timestamp="3 Feb 2021 10:37:22 GMT">
  <testcase classname="demo_testng.Demo_02" name="tc1" time="0.003"/>
  <testcase classname="demo_testng.Demo_02" name="tc" time="0.007"/>
</testsuite> <!-- demo_testng.Demo_02 -->
