<?xml version="1.0" encoding="UTF-8"?>
<!-- Generated by org.testng.reporters.JUnitReportReporter -->
<testsuite hostname="USER" failures="0" tests="9" name="demo_testng.Demo_03" time="0.034" errors="0" timestamp="3 Feb 2021 11:41:19 GMT">
  <testcase classname="demo_testng.Demo_03" name="tc5" time="0.002"/>
  <testcase classname="demo_testng.Demo_03" name="tc3" time="0.004"/>
  <testcase classname="demo_testng.Demo_03" name="tc6" time="0.002"/>
  <testcase classname="demo_testng.Demo_03" name="tc7" time="0.003"/>
  <testcase classname="demo_testng.Demo_03" name="tc8" time="0.004"/>
  <testcase classname="demo_testng.Demo_03" name="tc3" time="0.012"/>
  <testcase classname="demo_testng.Demo_03" name="tc2" time="0.002"/>
  <testcase classname="demo_testng.Demo_03" name="tc3" time="0.002"/>
  <testcase classname="demo_testng.Demo_03" name="tc1" time="0.003"/>
</testsuite> <!-- demo_testng.Demo_03 -->
