<?xml version="1.0" encoding="UTF-8"?>
<!-- Generated by org.testng.reporters.JUnitReportReporter -->
<testsuite hostname="USER" failures="0" tests="1" name="demo_testng.Parrallel_02" time="20.362" errors="0" timestamp="5 Feb 2021 10:48:25 GMT">
  <testcase classname="demo_testng.Parrallel_02" name="tc2" time="20.362"/>
</testsuite> <!-- demo_testng.Parrallel_02 -->
